### SNID output file ###
 
### input spectrum and options ###
# Input spectrum                 : SN2023gps_2023-04-24_00-00-00_NOT_ALFOSC_TNS.snid
# Parameter file                 : NA
# Wavelength range               :    3800.00   9000.00
# Mask file                      : NA
# Median filtering width [A]     : NA
# Median filtering width [pix]   :       1.00
# Clip emission redshift         : NA
# Clip sky lines                 : 0
# Emission clip width [A]        : NA
# Keep A-band                    : 0
# Age range                      :     -90.00   1000.00
# Delta range                    :      -9.99     99.90
# Min. number of spectra/template:   1
# Use only templates             : NA
# Use only types                 : Ia-norm
# Avoid templates                : NA
# Avoid types                    : NA
# rlapmin                        :       5.00
# Redshift range                 :    -0.0100    1.2000
# Forced initial redshift        : NA
# Extra fake redshift            : NA
# Nsigma for initial redshift    : NA
# Redshift filter                :     0.0200
# Wavenumbers k1,k2,k3,k4        :     1    4   85  102
# Template directory             : /home/tomas/snid-5.0/templates/
 
### initial/user-input redshift ###
zinit       0.0236
zuser       0.0236
 
### median redshift/age and error ###
zmed        0.0253    0.0075
agem         -4.50      7.46
 
### type fraction/redshift/age ###
#type ntemp fraction slope redshift redshift_error age age_error
Ia             45      1.00    0.0000    0.0253    0.0075    -4.500     7.460
Ia-norm        45      1.00    0.0000    0.0253    0.0075    -4.500     7.460
Ia-91T          0      0.00    0.0000    0.0000    0.0000     0.000     0.000
Ia-91bg         0      0.00    0.0000    0.0000    0.0000     0.000     0.000
Ia-csm          0      0.00    0.0000    0.0000    0.0000     0.000     0.000
Ia-pec          0      0.00    0.0000    0.0000    0.0000     0.000     0.000
Ia-99aa         0      0.00    0.0000    0.0000    0.0000     0.000     0.000
Ia-02cx         0      0.00    0.0000    0.0000    0.0000     0.000     0.000
###
Ib              0      0.00    0.0000    0.0000    0.0000     0.000     0.000
Ib-norm         0      0.00    0.0000    0.0000    0.0000     0.000     0.000
Ib-pec          0      0.00    0.0000    0.0000    0.0000     0.000     0.000
IIb             0      0.00    0.0000    0.0000    0.0000     0.000     0.000
###
Ic              0      0.00    0.0000    0.0000    0.0000     0.000     0.000
Ic-norm         0      0.00    0.0000    0.0000    0.0000     0.000     0.000
Ic-pec          0      0.00    0.0000    0.0000    0.0000     0.000     0.000
Ic-broad        0      0.00    0.0000    0.0000    0.0000     0.000     0.000
###
II              0      0.00    0.0000    0.0000    0.0000     0.000     0.000
IIP             0      0.00    0.0000    0.0000    0.0000     0.000     0.000
II-pec          0      0.00    0.0000    0.0000    0.0000     0.000     0.000
IIn             0      0.00    0.0000    0.0000    0.0000     0.000     0.000
IIL             0      0.00    0.0000    0.0000    0.0000     0.000     0.000
###
NotSN           0      0.00    0.0000    0.0000    0.0000     0.000     0.000
AGN             0      0.00    0.0000    0.0000    0.0000     0.000     0.000
Gal             0      0.00    0.0000    0.0000    0.0000     0.000     0.000
LBV             0      0.00    0.0000    0.0000    0.0000     0.000     0.000
M-star          0      0.00    0.0000    0.0000    0.0000     0.000     0.000
QSO             0      0.00    0.0000    0.0000    0.0000     0.000     0.000
C-star          0      0.00    0.0000    0.0000    0.0000     0.000     0.000
 
### rlap-ordered template listings ###
#no. sn type lap rlap z zerr age age_flag grade
   1  sn05cf        Ia-norm    0.8597  10.08   0.0287   0.0072   -10.94  0   good
   2  sn02bo        Ia-norm    0.6918   9.17   0.0216   0.0071    -1.50  0   good
   3  sn02bo        Ia-norm    0.6877   8.66   0.0238   0.0075    -3.40  0   good
   4  sn95D         Ia-norm    0.6322   8.42   0.0119   0.0071     8.10  0   good
   5  sn02bo        Ia-norm    0.6918   8.18   0.0352   0.0084   -12.30  0   good
   6  sn02bo        Ia-norm    0.6986   8.03   0.0349   0.0083   -12.10  0   good
   7  sn02bo        Ia-norm    0.8597   7.96   0.0340   0.0088   -12.29  0   good
   8  sn94D         Ia-norm    0.8597   7.93   0.0295   0.0090   -10.60  0   good
   9  sn94ae        Ia-norm    0.6255   7.79   0.0128   0.0080     9.30  0   good
  10  sn07qe        Ia-norm    0.8597   7.59   0.0335   0.0092    -6.54  0   good
  11  sn02bo        Ia-norm    0.6959   7.35   0.0374   0.0092   -13.10  0   good
  12  sn00fa        Ia-norm    0.8597   7.27   0.0277   0.0087    -7.77  0   good
  13  sn92A         Ia-norm    0.6322   7.14   0.0236   0.0077     2.40  0   good
  14  sn02bo        Ia-norm    0.6918   6.73   0.0310   0.0096    -9.40  0   good
  15  sn94ae        Ia-norm    0.6539   6.69   0.0118   0.0093    10.40  0   good
  16  sn02bo        Ia-norm    0.7229   6.68   0.0378   0.0105   -13.30  0   good
  17  sn02bo        Ia-norm    0.6986   6.64   0.0254   0.0093    -4.50  0   good
  18  sn92A         Ia-norm    0.6336   6.61   0.0234   0.0083     3.30  0   good
  19  sn95D         Ia-norm    0.6309   6.58   0.0102   0.0092    10.10  0   good
  20  sn02er        Ia-norm    0.7107   6.39   0.0145   0.0092     4.40  0   good
  21  sn02bo        Ia-norm    0.6959   6.34   0.0294   0.0099    -8.10  0   good
  22  sn92A         Ia-norm    0.6309   6.24   0.0264   0.0087    -0.40  0   good
  23  sn94ae        Ia-norm    0.6255   6.07   0.0147   0.0095     6.40  0   good
  24  sn92A         Ia-norm    0.6309   6.06   0.0263   0.0089    -0.60  0   good
  25  sn02bo        Ia-norm    0.6959   5.97   0.0284   0.0105    -7.00  0   good
  26  sn02bo        Ia-norm    0.6891   5.97   0.0257   0.0104    -4.40  0   good
  27  sn92A         Ia-norm    0.6309   5.79   0.0283   0.0091    -5.00  0   good
  28  sn89B         Ia-norm    0.5821   5.73   0.0124   0.0092     3.50  0   good
  29  sn92A         Ia-norm    0.6309   5.72   0.0284   0.0092    -5.00  0   good
  30  sn92A         Ia-norm    0.5943   5.69   0.0197   0.0098     7.30  0   good
  31  sn95D         Ia-norm    0.6322   5.63   0.0129   0.0099     6.10  0   good
  32  sn89B         Ia-norm    0.7487   5.53   0.0185   0.0100    -6.30  0   good
  33  sn02bo        Ia-norm    0.6972   5.45   0.0271   0.0113    -6.00  0   good
  34  sn94D         Ia-norm    0.6485   5.35   0.0280   0.0125   -10.70  0   good
  35  sn90N         Ia-norm    0.8096   5.34   0.0187   0.0110   -13.20  0   good
  36  sn94ae        Ia-norm    0.6241   5.27   0.0109   0.0115    11.30  0   good
  37  sn02er        Ia-norm    0.6322   5.20   0.0273   0.0117   -11.30  0   good
  38  sn02bo        Ia-norm    0.6986   5.16   0.0236   0.0118    -2.10  0   good
  39  sn92A         Ia-norm    0.7229   5.16   0.0178   0.0116     8.90  0   good
  40  sn02bo        Ia-norm    0.6972   5.10   0.0261   0.0118    -5.10  0   good
  41  sn02bo        Ia-norm    0.6972   5.10   0.0253   0.0119    -4.00  0   good
  42  sn98bu        Ia-norm    0.5402   5.06   0.0186   0.0113     1.20  0   good
  43  sn02bo        Ia-norm    0.6972   5.05   0.0227   0.0119    -1.20  0   good
  44  sn06cp        Ia-norm    0.8597   5.05   0.0230   0.0123    -5.30  0   good
  45  sn04ey        Ia-norm    0.8597   5.02   0.0202   0.0107    -7.48  0   good
#--- rlap cutoff
  46  sn02bo        Ia-norm    0.6972   4.99   0.0245   0.0121    -3.10  0    cut
  47  sn92A         Ia-norm    0.7243   4.99   0.0172   0.0120     8.70  0    cut
  48  sn98bu        Ia-norm    0.6999   4.93   0.0122   0.0118     9.30  0    cut
  49  sn89B         Ia-norm    0.5835   4.92   0.0110   0.0109     5.50  0    cut
  50  sn02er        Ia-norm    0.7311   4.64   0.0248   0.0118    -9.40  0    cut
  51  sn89B         Ia-norm    0.5835   4.54   0.0094   0.0120     7.50  0    cut
  52  sn06ac        Ia-norm    0.8597   4.47   0.0091   0.0140     8.54  0    cut
  53  sn04as        Ia-norm    0.8597   4.43   0.0197   0.0135    -4.36  0    cut
  54  sn00cw        Ia-norm    0.8597   4.38   0.0074   0.0132     5.01  0    cut
  55  sn05cf        Ia-norm    0.8597   4.35   0.0142   0.0117    -1.19  0    cut
  56  sn02er        Ia-norm    0.5876   4.35   0.0202   0.0119    -5.40  0    cut
  57  sn99dk        Ia-norm    0.8597   4.35   0.0253   0.0133    -6.92  0    cut
  58  sn90N         Ia-norm    0.8096   4.35   0.0330   0.0133   -13.20  0    cut
  59  sn92A         Ia-norm    0.7595   4.32   0.0272   0.0118     5.90  0    cut
  60  sn06bq        Ia-norm    0.8597   4.31   0.0140   0.0144     6.69  0    cut
  61  sn90N         Ia-norm    0.7297   4.31   0.0208   0.0133    -6.40  0    cut
  62  sn92A         Ia-norm    0.7635   4.31   0.0209   0.0118     6.30  0    cut
  63  sn05cf        Ia-norm    0.8597   4.29   0.0162   0.0120    -2.11  0    cut
  64  sn07gk        Ia-norm    0.8597   4.28   0.0178   0.0137    -1.72  0    cut
  65  sn07qe        Ia-norm    0.8597   4.23   0.0141   0.0149     6.23  0    cut
  66  sn01ep        Ia-norm    0.8015   4.23   0.0033   0.0138     5.97  0    cut
  67  sn98bu        Ia-norm    0.6999   4.22   0.0112   0.0137    10.20  0    cut
  68  sn94D         Ia-norm    0.7026   4.22   0.0180   0.0123    -3.60  0    cut
  69  sn04eo        Ia-norm    0.8597   4.22   0.0137   0.0123    -5.57  0    cut
  70  sn94ae        Ia-norm    0.6255   4.21   0.0154   0.0126     4.40  0    cut
  71  sn02er        Ia-norm    0.8597   4.20   0.0172   0.0129    -4.25  0    cut
  72  sn07kk        Ia-norm    0.8556   4.15   0.0124   0.0150     7.15  0    cut
  73  sn95D         Ia-norm    0.6295   4.14   0.0082   0.0140    11.20  0    cut
  74  sn01ep        Ia-norm    0.8001   4.13   0.0041   0.0140     4.99  0    cut
  75  sn94D         Ia-norm    0.7053   4.08   0.0262   0.0144    -9.50  0    cut
  76  sn02er        Ia-norm    0.8597   4.06   0.0156   0.0135    -3.50  0    cut
  77  sn02er        Ia-norm    0.6891   3.97   0.0218   0.0132    -6.40  0    cut
  78  sn05el        Ia-norm    0.8597   3.97   0.0066   0.0146     8.09  0    cut
  79  sn02bo        Ia-norm    0.8597   3.95   0.0006   0.0167    29.40  0    cut
  80  sn06os        Ia-norm    0.8597   3.92   0.0074   0.0154     8.68  0    cut
  81  sn02kf        Ia-norm    0.8597   3.88   0.0088   0.0150     7.14  0    cut
  82  sn98bu        Ia-norm    0.6972   3.87   0.0173   0.0133    -2.80  0    cut
  83  sn94ae        Ia-norm    0.6268   3.87   0.0164   0.0133     3.30  0    cut
  84  sn02er        Ia-norm    0.8394   3.84   0.0240   0.0139    -7.40  0    cut
  85  sn02bo        Ia-norm    0.8556   3.84   0.0115   0.0156     5.50  0    cut
  86  sn05dv        Ia-norm    0.8597   3.83   0.0148   0.0152    -0.61  0    cut
  87  sn02ha        Ia-norm    0.8597   3.82   0.0056   0.0152     7.89  0    cut
  88  sn98bu        Ia-norm    0.6972   3.81   0.0167   0.0134    -0.70  0    cut
  89  sn02bo        Ia-norm    0.8597   3.80   0.0156   0.0156    -0.30  0    cut
  90  sn98ef        Ia-norm    0.8597   3.80   0.0239   0.0145    -7.93  0    cut
  91  sn98bu        Ia-norm    0.6972   3.80   0.0171   0.0135    -1.70  0    cut
  92  sn02er        Ia-norm    0.8597   3.79   0.0085   0.0155     5.59  0    cut
  93  sn06bu        Ia-norm    0.8597   3.77   0.0118   0.0144     4.24  0    cut
  94  sn94D         Ia-norm    0.8163   3.76   0.0015   0.0154    10.10  0    cut
  95  sn00dm        Ia-norm    0.8597   3.74   0.0053   0.0153     8.18  0    cut
  96  sn06et        Ia-norm    0.8597   3.74   0.0127   0.0140     3.71  0    cut
  97  sn05kc        Ia-norm    0.8218   3.73   0.0026   0.0154    10.22  0    cut
  98  sn02bo        Ia-norm    0.8597   3.73   0.0014   0.0173    27.59  0    cut
  99  sn06or        Ia-norm    0.8597   3.71   0.0105   0.0151    -2.91  0    cut
 100  sn02hd        Ia-norm    0.8597   3.71   0.0073   0.0154     6.05  0    cut
 101  sn01ep        Ia-norm    0.8597   3.71   0.0067   0.0148     2.83  0    cut
 102  sn02er        Ia-norm    0.8597   3.70   0.0155   0.0147    -2.50  0    cut
 103  sn94D         Ia-norm    0.6485   3.69   0.0271   0.0163    -9.60  0    cut
 104  sn07bm        Ia-norm    0.8597   3.68   0.0148   0.0136    -7.30  0    cut
 105  sn02bo        Ia-norm    0.8597   3.66   0.0174   0.0162    -1.20  0    cut
 106  sn06ev        Ia-norm    0.8597   3.63   0.0060   0.0164    11.03  0    cut
 107  sn07gk        Ia-norm    0.8597   3.61   0.0033   0.0178    19.65  0    cut
 108  sn05ki        Ia-norm    0.8597   3.61   0.0049   0.0160     7.96  0    cut
 109  sn94D         Ia-norm    0.7040   3.61   0.0170   0.0139     0.40  0    cut
 110  sn94ae        Ia-norm    0.6986   3.59   0.0169   0.0144     1.30  0    cut
 111  sn04fu        Ia-norm    0.8597   3.59   0.0185   0.0146    -2.77  0    cut
 112  sn01ep        Ia-norm    0.8597   3.58   0.0025   0.0160     7.85  0    cut
 113  sn04bw        Ia-norm    0.8597   3.57   0.0072   0.0163     6.59  0    cut
 114  sn05bc        Ia-norm    0.8597   3.56   0.0043   0.0161     7.47  0    cut
 115  sn06ej        Ia-norm    0.8597   3.55   0.0008   0.0179    27.54  0    cut
 116  sn05ms        Ia-norm    0.8597   3.54   0.0156   0.0149    -1.51  0    cut
 117  sn98bu        Ia-norm    0.6999   3.54   0.0101   0.0162    11.20  0    cut
 118  sn01en        Ia-norm    0.8597   3.52   0.0011   0.0189    35.64  0    cut
 119  sn02bo        Ia-norm    0.8597   3.52   0.0170   0.0167    -1.43  0    cut
 120  sn04bg        Ia-norm    0.8597   3.52   0.0051   0.0165    10.34  0    cut
 121  sn02er        Ia-norm    0.8597   3.51   0.0097   0.0160     3.40  0    cut
 122  sn89B         Ia-norm    0.5835   3.51   0.0077   0.0154     9.50  0    cut
 123  sn02cs        Ia-norm    0.8597   3.50  -0.0011   0.0175    31.28  0    cut
 124  sn04fu        Ia-norm    0.8597   3.50   0.0013   0.0184    25.15  0    cut
 125  sn03iv        Ia-norm    0.8597   3.46   0.0061   0.0162     6.99  0    cut
 126  sn06et        Ia-norm    0.8597   3.45   0.0080   0.0162     9.56  0    cut
 127  sn04gs        Ia-norm    0.8597   3.44   0.0083   0.0158     0.44  0    cut
 128  sn94D         Ia-norm    0.7040   3.41   0.0187   0.0148    -2.60  0    cut
 129  sn02bo        Ia-norm    0.8597   3.41   0.0180   0.0169    -2.50  0    cut
 130  sn02er        Ia-norm    0.8597   3.41   0.0142   0.0156    -1.50  0    cut
 131  sn95D         Ia-norm    0.5930   3.39   0.0133   0.0142     4.20  0    cut
 132  sn06ej        Ia-norm    0.8597   3.39   0.0094   0.0169     5.09  0    cut
 133  sn94ae        Ia-norm    0.6255   3.37   0.0160   0.0150     2.30  0    cut
 134  sn07fs        Ia-norm    0.8597   3.37   0.0084   0.0167     5.03  0    cut
 135  sn02fk        Ia-norm    0.8597   3.37   0.0066   0.0160     7.74  0    cut
 136  sn04ef        Ia-norm    0.8597   3.37   0.0060   0.0172     8.05  0    cut
 137  sn02er        Ia-norm    0.8597   3.36   0.0056   0.0200    33.20  0    cut
 138  sn98ef        Ia-norm    0.8597   3.36   0.0011   0.0188    28.51  0    cut
 139  sn06dm        Ia-norm    0.8597   3.36   0.0031   0.0173     8.73  0    cut
 140  sn06ej        Ia-norm    0.8597   3.36   0.0021   0.0189    21.65  0    cut
 141  sn00fa        Ia-norm    0.8597   3.36   0.0100   0.0174     7.34  0    cut
 142  sn04ef        Ia-norm    0.8597   3.34   0.0224   0.0152    -5.52  0    cut
 143  sn94D         Ia-norm    0.8055   3.34   0.0220   0.0151    -8.70  0    cut
 144  sn05am        Ia-norm    0.8597   3.33   0.0101   0.0165     4.47  0    cut
 145  sn06cq        Ia-norm    0.8597   3.32   0.0124   0.0151     1.91  0    cut
 146  sn94D         Ia-norm    0.6498   3.32   0.0216   0.0147    -7.70  0    cut
 147  sn02jy        Ia-norm    0.8597   3.32   0.0046   0.0178    12.30  0    cut
 148  sn04ef        Ia-norm    0.8597   3.32   0.0004   0.0187    31.23  0    cut
 149  sn94ae        Ia-norm    0.6255   3.31   0.0162   0.0152     3.30  0    cut
 150  sn06cf        Ia-norm    0.8597   3.30   0.0052   0.0175    11.12  0    cut
 151  sn05de        Ia-norm    0.8597   3.29   0.0033   0.0174    10.10  0    cut
 152  sn99dk        Ia-norm    0.8597   3.28   0.0008   0.0199    44.20  0    cut
 153  sn98dx        Ia-norm    0.8597   3.28   0.0084   0.0170     5.50  0    cut
 154  sn03he        Ia-norm    0.8597   3.28   0.0063   0.0182     8.53  0    cut
 155  sn00cp        Ia-norm    0.8597   3.28   0.0114   0.0160     3.21  0    cut
 156  sn95E         Ia-norm    0.8597   3.28   0.0136   0.0154    -1.70  0    cut
 157  sn06bq        Ia-norm    0.8597   3.28   0.0053   0.0194    14.36  0    cut
 158  sn01en        Ia-norm    0.8597   3.27   0.0067   0.0184    10.09  0    cut
 159  sn02bo        Ia-norm    0.8597   3.26   0.0170   0.0173    -1.40  0    cut
 160  sn90N         Ia-norm    0.7595   3.25   0.0118   0.0151     4.90  0    cut
 161  sn05de        Ia-norm    0.8597   3.25   0.0116   0.0154    -0.75  0    cut
 162  sn00cu        Ia-norm    0.8597   3.23   0.0040   0.0181     8.95  0    cut
 163  sn08ec        Ia-norm    0.8597   3.19   0.0062   0.0175     5.70  0    cut
 164  sn99dk        Ia-norm    0.8597   3.19   0.0023   0.0202    23.62  0    cut
 165  sn04fu        Ia-norm    0.8597   3.19   0.0131   0.0171     2.30  0    cut
 166  sn98ec        Ia-norm    0.8597   3.16   0.0056   0.0186    13.49  0    cut
 167  sn05am        Ia-norm    0.8597   3.14   0.0012   0.0197    35.08  0    cut
 168  sn02ha        Ia-norm    0.8597   3.14   0.0082   0.0171     4.93  0    cut
 169  sn03ai        Ia-norm    0.8597   3.13   0.0050   0.0178     7.73  0    cut
 170  sn05am        Ia-norm    0.8597   3.12   0.0017   0.0199    41.04  0    cut
 171  sn02cs        Ia-norm    0.8597   3.12  -0.0001   0.0205    54.86  0    cut
 172  sn02er        Ia-norm    0.8380   3.12   0.0103   0.0162     5.50  0    cut
 173  sn00dk        Ia-norm    0.8597   3.11   0.0089   0.0166     1.36  0    cut
 174  sn02bo        Ia-norm    0.7568   3.10   0.0125   0.0178    10.80  0    cut
 175  sn07af        Ia-norm    0.8597   3.09   0.0072   0.0174     3.85  0    cut
 176  sn06bq        Ia-norm    0.8597   3.08   0.0067   0.0198    14.26  0    cut
 177  sn02bo        Ia-norm    0.8597   3.07   0.0007   0.0212    56.35  0    cut
 178  sn02bo        Ia-norm    0.8339   3.07   0.0016   0.0211    39.30  0    cut
 179  sn02cr        Ia-norm    0.8597   3.06   0.0124   0.0161    -6.78  0    cut
 180  sn02er        Ia-norm    0.8597   3.05   0.0012   0.0208    23.44  0    cut
 181  sn07fs        Ia-norm    0.8597   3.04  -0.0010   0.0214    36.37  0    cut
 182  sn03cq        Ia-norm    0.8597   3.03   0.0150   0.0171    -0.05  0    cut
 183  sn07fs        Ia-norm    0.8597   3.03   0.0003   0.0215    29.49  0    cut
 184  sn89B         Ia-norm    0.8597   3.03   0.0110   0.0171    -0.50  0    cut
 185  sn02el        Ia-norm    0.8597   3.03   0.0027   0.0189    11.82  0    cut
 186  sn02er        Ia-norm    0.6877   3.03   0.0238   0.0156    -8.40  0    cut
 187  sn02bo        Ia-norm    0.8597   3.03   0.0008   0.0208    44.48  0    cut
 188  sn03he        Ia-norm    0.8597   3.03   0.0116   0.0174     2.70  0    cut
 189  sn98bu        Ia-norm    0.6986   3.02   0.0090   0.0186    12.20  0    cut
 190  sn02er        Ia-norm    0.6214   3.02   0.0090   0.0180    12.40  0    cut
 191  sn01bg        Ia-norm    0.7960   3.02   0.0011   0.0207    18.91  0    cut
 192  sn02ef        Ia-norm    0.8597   3.02  -0.0011   0.0209    29.03  0    cut
 193  sn06ef        Ia-norm    0.8597   3.01   0.0006   0.0205    28.71  0    cut
 194  sn00dg        Ia-norm    0.8597   3.01   0.0102   0.0179     4.76  0    cut
 195  sn06N         Ia-norm    0.8597   2.99   0.0000   0.0206    27.49  0    cut
 196  sn05de        Ia-norm    0.8597   2.99   0.0011   0.0225    40.49  0    cut
 197  sn07af        Ia-norm    0.8597   2.99   0.0000   0.0212    26.49  0    cut
 198  sn05bc        Ia-norm    0.8597   2.98   0.0097   0.0168     1.65  0    cut
 199  sn90N         Ia-norm    0.8597   2.96   0.0030   0.0197    14.50  0    cut
 200  sn06et        Ia-norm    0.8597   2.95  -0.0009   0.0215    43.76  0    cut
 201  sn02he        Ia-norm    0.8597   2.95   0.0115   0.0186     3.22  0    cut
 202  sn06kf        Ia-norm    0.8597   2.95   0.0182   0.0156    -7.66  0    cut
 203  sn07bc        Ia-norm    0.8597   2.94   0.0095   0.0166     0.61  0    cut
 204  sn03U         Ia-norm    0.8597   2.93   0.0132   0.0164    -2.14  0    cut
 205  sn05ms        Ia-norm    0.8597   2.93   0.0024   0.0201    14.99  0    cut
 206  sn08hs        Ia-norm    0.8597   2.93   0.0123   0.0163    -7.94  0    cut
 207  sn07fr        Ia-norm    0.8597   2.93   0.0098   0.0168    -1.15  0    cut
 208  sn07af        Ia-norm    0.8597   2.92   0.0116   0.0172    -1.21  0    cut
 209  sn05el        Ia-norm    0.8597   2.92   0.0158   0.0159    -6.70  0    cut
 210  sn06ef        Ia-norm    0.8597   2.92   0.0007   0.0213    34.56  0    cut
 211  sn90N         Ia-norm    0.5794   2.92   0.0116   0.0159     2.60  0    cut
 212  sn02jy        Ia-norm    0.8597   2.90  -0.0004   0.0226    39.90  0    cut
 213  sn02cs        Ia-norm    0.8597   2.90   0.0045   0.0227    84.32  0    cut
 214  sn94D         Ia-norm    0.8597   2.89   0.0001   0.0213    24.20  0    cut
 215  sn02bo        Ia-norm    0.8597   2.89   0.0013   0.0221    54.60  0    cut
 216  sn04fz        Ia-norm    0.8597   2.88   0.0130   0.0158    -5.18  0    cut
 217  sn06dw        Ia-norm    0.8597   2.87   0.0101   0.0187     6.88  0    cut
 218  sn04dt        Ia-norm    0.8597   2.87  -0.0001   0.0206    18.20  0    cut
 219  sn05de        Ia-norm    0.8597   2.87  -0.0000   0.0223    25.75  0    cut
 220  sn02ef        Ia-norm    0.8597   2.86   0.0103   0.0189     4.80  0    cut
 221  sn05be        Ia-norm    0.8597   2.86   0.0040   0.0196    10.96  0    cut
 222  sn99gd        Ia-norm    0.7879   2.85   0.0093   0.0182     0.17  0    cut
 223  sn92A         Ia-norm    0.6485   2.84   0.0158   0.0191    11.70  0    cut
 224  sn02el        Ia-norm    0.8597   2.84   0.0015   0.0222    21.49  0    cut
 225  sn02bo        Ia-norm    0.7581   2.82   0.0113   0.0194    11.90  0    cut
 226  sn07A         Ia-norm    0.8597   2.82   0.0033   0.0202    15.07  0    cut
 227  sn02er        Ia-norm    0.8597   2.81   0.0105   0.0185    -0.50  0    cut
 228  sn02eu        Ia-norm    0.8597   2.80   0.0115   0.0168     0.14  0    cut
 229  sn01ep        Ia-norm    0.8597   2.79  -0.0021   0.0224    28.46  0    cut
 230  sn02bo        Ia-norm    0.8597   2.78   0.0040   0.0213    15.65  0    cut
 231  sn00dn        Ia-norm    0.8597   2.78   0.0108   0.0170    -1.04  0    cut
 232  sn07bd        Ia-norm    0.8597   2.78   0.0211   0.0172    -5.58  0    cut
 233  sn02bz        Ia-norm    0.8597   2.77   0.0118   0.0178     5.60  0    cut
 234  sn00cn        Ia-norm    0.8597   2.77   0.0012   0.0208    14.95  0    cut
 235  sn05kc        Ia-norm    0.8597   2.77   0.0017   0.0200    12.19  0    cut
 236  sn94D         Ia-norm    0.8597   2.76   0.0097   0.0179     2.90  0    cut
 237  sn06dm        Ia-norm    0.8597   2.75   0.0004   0.0229    20.44  0    cut
 238  sn94D         Ia-norm    0.7554   2.75   0.0193   0.0158    -5.60  0    cut
 239  sn94ae        Ia-norm    0.8448   2.74   0.0080   0.0184     9.40  0    cut
 240  sn98bu        Ia-norm    0.8597   2.73   0.0001   0.0237    30.22  0    cut
 241  sn06dw        Ia-norm    0.8597   2.73   0.0026   0.0245    28.28  0    cut
 242  sn06dm        Ia-norm    0.8597   2.72   0.0011   0.0233    36.06  0    cut
 243  sn00dk        Ia-norm    0.8597   2.72   0.0018   0.0206    11.19  0    cut
 244  sn07fs        Ia-norm    0.8597   2.71   0.0003   0.0241    51.13  0    cut
 245  sn95D         Ia-norm    0.8597   2.70   0.0087   0.0177     4.30  0    cut
 246  sn00dg        Ia-norm    0.8597   2.70   0.0159   0.0177    -5.00  0    cut
 247  sn89B         Ia-norm    0.5835   2.68   0.0042   0.0196    11.50  0    cut
 248  sn06N         Ia-norm    0.8597   2.68   0.0029   0.0206    11.87  0    cut
 249  sn04bl        Ia-norm    0.8597   2.68   0.0105   0.0190     4.61  0    cut
 250  sn07qe        Ia-norm    0.8597   2.67   0.0065   0.0226    16.00  0    cut
 251  sn06lf        Ia-norm    0.8597   2.67   0.0019   0.0234    25.06  0    cut
 252  sn06ef        Ia-norm    0.8597   2.67   0.0147   0.0190     3.20  0    cut
 253  sn98bu        Ia-norm    0.6986   2.67   0.0073   0.0206    13.20  0    cut
 254  sn06ev        Ia-norm    0.8597   2.66   0.0026   0.0219    16.85  0    cut
 255  sn95D         Ia-norm    0.6322   2.66   0.0048   0.0204    14.10  0    cut
 256  sn02bo        Ia-norm    0.7568   2.65   0.0107   0.0205    12.80  0    cut
 257  sn94D         Ia-norm    0.7040   2.65   0.0198   0.0176    -4.70  0    cut
 258  sn06lf        Ia-norm    0.8597   2.64   0.0145   0.0169    -6.30  0    cut
 259  sn99dk        Ia-norm    0.8597   2.64   0.0042   0.0226    16.73  0    cut
 260  sn01bg        Ia-norm    0.8597   2.64   0.0035   0.0217    13.70  0    cut
 261  sn00cu        Ia-norm    0.8597   2.63   0.0031   0.0241    38.25  0    cut
 262  sn02bo        Ia-norm    0.7649   2.62  -0.0015   0.0254    83.30  0    cut
 263  sn02eu        Ia-norm    0.8597   2.62   0.0015   0.0230    33.44  0    cut
 264  sn97Y         Ia-norm    0.8597   2.61   0.0108   0.0184     2.31  0    cut
 265  sn99dk        Ia-norm    0.8597   2.60   0.0010   0.0245    71.83  0    cut
 266  sn01dw        Ia-norm    0.8597   2.60  -0.0005   0.0233    11.06  0    cut
 267  sn89B         Ia-norm    0.6255   2.59   0.0042   0.0210    12.40  0    cut
 268  sn06N         Ia-norm    0.8597   2.59   0.0160   0.0173    -1.94  0    cut
 269  sn02ha        Ia-norm    0.8597   2.57   0.0128   0.0177    -0.85  0    cut
 270  sn92A         Ia-norm    0.5930   2.57   0.0149   0.0202    11.60  0    cut
 271  sn03iv        Ia-norm    0.8597   2.57   0.0104   0.0184     2.16  0    cut
 272  sn05be        Ia-norm    0.8597   2.56   0.0024   0.0226    16.71  0    cut
 273  sn94D         Ia-norm    0.8597   2.55   0.0039   0.0217    11.00  0    cut
 274  sn95D         Ia-norm    0.8597   2.54  -0.0021   0.0251    33.05  0    cut
 275  sn08ec        Ia-norm    0.8597   2.54  -0.0008   0.0243    30.18  0    cut
 276  sn99cp        Ia-norm    0.8597   2.54   0.0030   0.0223    13.70  0    cut
 277  sn01en        Ia-norm    0.8597   2.53   0.0036   0.0231    14.72  0    cut
 278  sn05cf        Ia-norm    0.8597   2.53  -0.0013   0.0244    27.64  0    cut
 279  sn08ec        Ia-norm    0.8597   2.52   0.0110   0.0184    -0.24  0    cut
 280  sn02er        Ia-norm    0.8597   2.52   0.0011   0.0252    60.98  0    cut
 281  sn04fz        Ia-norm    0.8597   2.51   0.0001   0.0229    17.56  0    cut
 282  sn07fs        Ia-norm    0.8597   2.51   0.0007   0.0244    22.67  0    cut
 283  sn02bo        Ia-norm    0.7581   2.51   0.0099   0.0216    13.80  0    cut
 284  sn99cp        Ia-norm    0.8597   2.51   0.0100   0.0200     4.76  0    cut
 285  sn04ey        Ia-norm    0.8597   2.50   0.0026   0.0263    51.49  0    cut
 286  sn06kf        Ia-norm    0.8597   2.49   0.0147   0.0173    -1.75  0    cut
 287  sn02cr        Ia-norm    0.8597   2.48   0.0006   0.0251    24.90  0    cut
 288  sn08ec        Ia-norm    0.8597   2.47   0.0005   0.0223    12.51  0    cut
 289  sn00dn        Ia-norm    0.8597   2.47   0.0011   0.0232    16.28  0    cut
 290  sn02bo        Ia-norm    0.8597   2.47  -0.0007   0.0257    76.29  0    cut
 291  sn02er        Ia-norm    0.8434   2.46  -0.0035   0.0194     9.40  0    cut
 292  sn02ha        Ia-norm    0.8597   2.46   0.0063   0.0273    38.55  0    cut
 293  sn07bm        Ia-norm    0.8597   2.46   0.0002   0.0257    41.34  0    cut
 294  sn04eo        Ia-norm    0.8597   2.45   0.0006   0.0225    13.19  0    cut
 295  sn00dk        Ia-norm    0.8597   2.44   0.0014   0.0247    28.76  0    cut
 296  sn06ej        Ia-norm    0.8597   2.44   0.0176   0.0192    -3.69  0    cut
 297  sn06os        Ia-norm    0.8597   2.44  -0.0006   0.0239    27.16  0    cut
 298  sn07bm        Ia-norm    0.8597   2.43  -0.0000   0.0244    20.45  0    cut
 299  sn94D         Ia-norm    0.8597   2.42   0.0016   0.0250    50.00  0    cut
 300  sn04fz        Ia-norm    0.8597   2.42  -0.0010   0.0249    22.28  0    cut
 301  sn02er        Ia-norm    0.8570   2.42   0.0137   0.0199     1.50  0    cut
 302  sn02er        Ia-norm    0.6837   2.41   0.0078   0.0226    24.20  0    cut
 303  sn00dm        Ia-norm    0.8597   2.41   0.0123   0.0182    -1.63  0    cut
 304  sn02he        Ia-norm    0.8597   2.40   0.0141   0.0203     0.29  0    cut
 305  sn05el        Ia-norm    0.8597   2.40   0.0110   0.0186     1.22  0    cut
 306  sn07fb        Ia-norm    0.8597   2.39   0.0039   0.0232    14.63  0    cut
 307  sn06N         Ia-norm    0.8597   2.39   0.0143   0.0188    -0.95  0    cut
 308  sn02fk        Ia-norm    0.7906   2.39  -0.0012   0.0272    39.52  0    cut
 309  sn06dw        Ia-norm    0.8597   2.39   0.0142   0.0191     1.07  0    cut
 310  sn04eo        Ia-norm    0.8597   2.38   0.0006   0.0267    44.40  0    cut
 311  sn07fb        Ia-norm    0.8597   2.37   0.0038   0.0259    32.38  0    cut
 312  sn02fk        Ia-norm    0.8597   2.37   0.0027   0.0279    41.50  0    cut
 313  sn94D         Ia-norm    0.8597   2.36   0.0118   0.0190     2.20  0    cut
 314  sn02cr        Ia-norm    0.8597   2.35   0.0009   0.0270    33.69  0    cut
 315  sn07fb        Ia-norm    0.8597   2.35   0.0133   0.0189     1.95  0    cut
 316  sn02er        Ia-norm    0.8163   2.35   0.0175   0.0182    -4.40  0    cut
 317  sn07bm        Ia-norm    0.8597   2.35   0.0007   0.0241    15.52  0    cut
 318  sn06or        Ia-norm    0.8597   2.35   0.0033   0.0234     4.80  0    cut
 319  sn90N         Ia-norm    0.6850   2.33  -0.0086   0.0216   213.40  0    cut
 320  sn02er        Ia-norm    0.8597   2.33   0.0030   0.0230    10.60  0    cut
 321  sn06dm        Ia-norm    0.8597   2.33   0.0016   0.0241    14.61  0    cut
 322  sn06kf        Ia-norm    0.8597   2.33   0.0029   0.0258    18.67  0    cut
 323  sn98bu        Ia-norm    0.7013   2.33  -0.0077   0.0208   242.80  0    cut
 324  sn98bu        Ia-norm    0.6986   2.32   0.0061   0.0229    14.30  0    cut
 325  sn06sr        Ia-norm    0.8597   2.32   0.0135   0.0210     2.73  0    cut
 326  sn04dt        Ia-norm    0.8597   2.31  -0.0061   0.0251    31.97  0    cut
 327  sn06lf        Ia-norm    0.8597   2.31   0.0025   0.0238    14.29  0    cut
 328  sn06sr        Ia-norm    0.8597   2.31   0.0189   0.0192    -2.30  0    cut
 329  sn98bu        Ia-norm    0.8597   2.31   0.0044   0.0290    59.12  0    cut
 330  sn02bo        Ia-norm    0.7581   2.30   0.0070   0.0238    18.70  0    cut
 331  sn94D         Ia-norm    0.8597   2.30   0.0166   0.0181    -4.80  0    cut
 332  sn90N         Ia-norm    0.6918   2.28   0.0045   0.0228    17.70  0    cut
 333  sn89B         Ia-norm    0.5835   2.28   0.0002   0.0223    13.40  0    cut
 334  sn08ec        Ia-norm    0.8597   2.27   0.0021   0.0279    42.99  0    cut
 335  sn94S         Ia-norm    0.8597   2.27   0.0108   0.0202     1.52  0    cut
 336  sn02bo        Ia-norm    0.7581   2.27   0.0079   0.0237    16.70  0    cut
 337  sn02bo        Ia-norm    0.6945   2.27   0.0092   0.0235    14.80  0    cut
 338  sn02bo        Ia-norm    0.7581   2.26   0.0073   0.0239    17.80  0    cut
 339  sn06dw        Ia-norm    0.8597   2.26   0.0015   0.0259    22.47  0    cut
 340  sn07bc        Ia-norm    0.8597   2.26   0.0000   0.0248    16.35  0    cut
 341  sn92A         Ia-norm    0.6810   2.25   0.0120   0.0246    17.30  0    cut
 342  sn02bo        Ia-norm    0.7581   2.25   0.0063   0.0245    20.70  0    cut
 343  sn02he        Ia-norm    0.8055   2.24   0.0195   0.0197    -5.91  0    cut
 344  sn07A         Ia-norm    0.8597   2.23   0.0120   0.0195     2.37  0    cut
 345  sn04ey        Ia-norm    0.8597   2.22   0.0007   0.0254    18.90  0    cut
 346  sn02bo        Ia-norm    0.6945   2.21   0.0084   0.0241    15.70  0    cut
 347  sn98bu        Ia-norm    0.7026   2.20  -0.0077   0.0217   216.90  0    cut
 348  sn89B         Ia-norm    0.6268   2.18   0.0020   0.0241    14.40  0    cut
 349  sn05cf        Ia-norm    0.8597   2.18   0.0007   0.0254    18.69  0    cut
 350  sn98bu        Ia-norm    0.6999   2.15  -0.0081   0.0227   190.10  0    cut
 351  sn00dk        Ia-norm    0.8597   2.13   0.0030   0.0276    36.68  0    cut
 352  sn98bu        Ia-norm    0.7013   2.11  -0.0080   0.0233   208.00  0    cut
 353  sn94D         Ia-norm    0.7013   2.10   0.0065   0.0240    13.40  0    cut
 354  sn94D         Ia-norm    0.6891   2.09   0.0058   0.0241    12.20  0    cut
 355  sn94D         Ia-norm    0.6877   2.09   0.0032   0.0245    15.20  0    cut
 356  sn07fb        Ia-norm    0.8597   2.07   0.0059   0.0284    39.28  0    cut
 357  sn02bo        Ia-norm    0.6945   2.07   0.0062   0.0263    21.70  0    cut
 358  sn02bo        Ia-norm    0.6945   2.07   0.0070   0.0260    19.80  0    cut
 359  sn94D         Ia-norm    0.7026   2.06   0.0046   0.0247    15.30  0    cut
 360  sn94D         Ia-norm    0.8597   2.05   0.0144   0.0201    -3.80  0    cut
 361  sn04ef        Ia-norm    0.8597   2.05  -0.0032   0.0267    84.60  0    cut
 362  sn07fs        Ia-norm    0.8597   2.04  -0.0005   0.0309    91.35  0    cut
 363  sn98ef        Ia-norm    0.8597   2.01  -0.0027   0.0279    85.52  0    cut
 364  sn95D         Ia-norm    0.7974   2.00   0.0020   0.0236    16.10  0    cut
 365  sn98bu        Ia-norm    0.6986   1.99  -0.0091   0.0239   179.10  0    cut
 366  sn94D         Ia-norm    0.6864   1.98   0.0067   0.0254    13.20  0    cut
 367  sn06cf        Ia-norm    0.8597   1.97  -0.0011   0.0263    18.72  0    cut
 368  sn02bo        Ia-norm    0.7581   1.96   0.0058   0.0271    23.80  0    cut
 369  sn94D         Ia-norm    0.8597   1.96   0.0132   0.0203    -1.80  0    cut
 370  sn04dt        Ia-norm    0.8597   1.95   0.0286   0.0223    -6.26  0    cut
 371  sn02he        Ia-norm    0.8055   1.95   0.0142   0.0237    -1.03  0    cut
 372  sn04dt        Ia-norm    0.8597   1.94   0.0187   0.0481    81.59  0    cut
 373  sn94D         Ia-norm    0.6011   1.94   0.0024   0.0293    46.20  0    cut
 374  sn95D         Ia-norm    0.8597   1.93   0.0019   0.0334    60.77  0    cut
 375  sn89B         Ia-norm    0.6268   1.91   0.0006   0.0266    17.40  0    cut
 376  sn02cs        Ia-norm    0.8597   1.91   0.0284   0.0220    -9.09  0    cut
 377  sn92A         Ia-norm    0.5916   1.91   0.0091   0.0248    16.30  0    cut
 378  sn08ec        Ia-norm    0.8597   1.90   0.0039   0.0332    71.57  0    cut
 379  sn94D         Ia-norm    0.8488   1.90   0.1626   0.0471    16.30  0    cut
 380  sn89B         Ia-norm    0.6268   1.86  -0.0020   0.0264    19.40  0    cut
 381  sn94D         Ia-norm    0.6864   1.86   0.0028   0.0269    17.20  0    cut
 382  sn89B         Ia-norm    0.6268   1.85   0.0012   0.0268    16.40  0    cut
 383  sn94D         Ia-norm    0.7013   1.83   0.0037   0.0272    17.40  0    cut
 384  sn89B         Ia-norm    0.6268   1.80  -0.0021   0.0275    20.40  0    cut
 385  sn02fk        Ia-norm    0.8597   1.80   0.0078   0.0387    72.46  0    cut
 386  sn94D         Ia-norm    0.6931   1.79   0.0031   0.0277    14.30  0    cut
 387  sn94ae        Ia-norm    0.8597   1.79   0.0008   0.0351    87.95  0    cut
 388  sn02bo        Ia-norm    0.7595   1.79   0.0028   0.0316    44.40  0    cut
 389  sn94D         Ia-norm    0.8312   1.78   0.4383   0.0343    83.10  0    cut
 390  sn89B         Ia-norm    0.6268   1.78  -0.0005   0.0276    18.40  0    cut
 391  sn02er        Ia-norm    0.8597   1.73   0.4243   0.0366    15.50  0    cut
 392  sn04dt        Ia-norm    0.8597   1.72   0.2050   0.0248    50.61  0    cut
 393  sn94D         Ia-norm    0.6904   1.71   0.0014   0.0288    19.20  0    cut
 394  sn02bo        Ia-norm    0.6972   1.71   0.0043   0.0310    27.70  0    cut
 395  sn02er        Ia-norm    0.8597   1.71   0.4246   0.0359    16.40  0    cut
 396  sn07af        Ia-norm    0.8597   1.70   0.0004   0.0357    91.06  0    cut
 397  sn04dt        Ia-norm    0.8597   1.68   0.0240   0.0587   109.43  0    cut
 398  sn02cr        Ia-norm    0.8597   1.68   0.2039   0.0251    57.47  0    cut
 399  sn94D         Ia-norm    0.6322   1.68   0.0015   0.0343    26.20  0    cut
 400  sn02er        Ia-norm    0.8475   1.67   0.0017   0.0291    19.50  0    cut
 401  sn89B         Ia-norm    0.6282   1.66  -0.0026   0.0296    21.40  0    cut
 402  sn89B         Ia-norm    0.6200   1.63  -0.0034   0.0288    22.40  0    cut
 403  sn02bg        Ia-norm    0.7839   1.62   0.4295   0.0387    -3.65  0    cut
 404  sn02er        Ia-norm    0.7622   1.61  -0.0019   0.0298   213.00  0    cut
 405  sn94D         Ia-norm    0.7013   1.57   0.0019   0.0307    15.20  0    cut
 406  sn07fb        Ia-norm    0.8597   1.56  -0.0010   0.0317   100.91  0    cut
 407  sn95D         Ia-norm    0.8597   1.55   0.0039   0.0405    92.49  0    cut
 408  sn02bo        Ia-norm    0.7527   1.55   0.0034   0.0352    45.60  0    cut
 409  sn01ep        Ia-norm    0.8597   1.54   0.0020   0.0397    87.26  0    cut
 410  sn89B         Ia-norm    0.6200   1.51  -0.0040   0.0301    23.40  0    cut
 411  sn98bu        Ia-norm    0.8597   1.50  -0.0045   0.0284   235.77  0    cut
 412  sn02cs        Ia-norm    0.8597   1.48   0.0076   0.0442   142.16  0    cut
 413  sn02fk        Ia-norm    0.8597   1.48  -0.0068   0.0318   148.74  0    cut
 414  sn07af        Ia-norm    0.8597   1.47  -0.0032   0.0379   113.82  0    cut
 415  sn94ae        Ia-norm    0.7067   1.46  -0.0094   0.0000   153.40  0    cut
 416  sn94ae        Ia-norm    0.6241   1.46  -0.0033   0.0320    30.20  0    cut
 417  sn94ae        Ia-norm    0.5997   1.44  -0.0098   0.0311    87.80  0    cut
 418  sn98bu        Ia-norm    0.6999   1.42  -0.0010   0.0337    28.20  0    cut
 419  sn07af        Ia-norm    0.8597   1.42  -0.0047   0.0387   121.79  0    cut
 420  sn98bu        Ia-norm    0.7013   1.42  -0.0010   0.0342    29.20  0    cut
 421  sn98bu        Ia-norm    0.6972   1.42  -0.0007   0.0344    30.20  0    cut
 422  sn98bu        Ia-norm    0.6959   1.42  -0.0009   0.0344    31.10  0    cut
 423  sn98bu        Ia-norm    0.8597   1.41  -0.0033   0.0314   279.68  0    cut
 424  sn02bo        Ia-norm    0.6986   1.40  -0.0017   0.0390    79.40  0    cut
 425  sn89B         Ia-norm    0.6214   1.40  -0.0041   0.0318    24.40  0    cut
 426  sn94ae        Ia-norm    0.7839   1.39   0.4210   0.0408   123.60  0    cut
 427  sn02bo        Ia-norm    0.6918   1.38   0.0036   0.0393    49.60  0    cut
 428  sn02bo        Ia-norm    0.6864   1.37   0.0046   0.0383    43.60  0    cut
 429  sn02bo        Ia-norm    0.6945   1.37   0.0048   0.0396    51.60  0    cut
 430  sn89B         Ia-norm    0.6268   1.37  -0.0046   0.0330    25.40  0    cut
 431  sn94D         Ia-norm    0.7080   1.36   0.0008   0.0368    43.20  0    cut
 432  sn98bu        Ia-norm    0.6959   1.36  -0.0013   0.0357    32.10  0    cut
 433  sn94ae        Ia-norm    0.6918   1.35  -0.0033   0.0365    40.10  0    cut
 434  sn94ae        Ia-norm    0.7270   1.35   0.1545   0.0350    36.20  0    cut
 435  sn94D         Ia-norm    0.6119   1.35   0.4160   0.0510    48.00  0    cut
 436  sn02bo        Ia-norm    0.6986   1.35  -0.0001   0.0408    72.50  0    cut
 437  sn02bo        Ia-norm    0.7432   1.34   0.1624   0.0455    29.70  0    cut
 438  sn89B         Ia-norm    0.6363   1.34  -0.0102   0.0510    49.20  0    cut
 439  sn02bo        Ia-norm    0.7581   1.34   0.1650   0.0518    28.60  0    cut
 440  sn98bu        Ia-norm    0.6999   1.32  -0.0014   0.0369    34.20  0    cut
 441  sn98bu        Ia-norm    0.6999   1.30  -0.0005   0.0376    33.20  0    cut
 442  sn89B         Ia-norm    0.6431   1.28  -0.0061   0.0374    31.40  0    cut
 443  sn90N         Ia-norm    0.6241   1.27   0.1120   0.0413   246.20  0    cut
 444  sn98bu        Ia-norm    0.6999   1.27  -0.0005   0.0390    35.20  0    cut
 445  sn98bu        Ia-norm    0.6972   1.26  -0.0010   0.0394    36.20  0    cut
 446  sn95D         Ia-norm    0.7757   1.25   0.1960   0.0620    37.80  0    cut
 447  sn94ae        Ia-norm    0.7243   1.24  -0.0022   0.0422    64.00  0    cut
 448  sn98bu        Ia-norm    0.6972   1.24  -0.0008   0.0401    37.20  0    cut
 449  sn92A         Ia-norm    0.5943   1.23   0.1715   0.0488    28.20  0    cut
 450  sn98bu        Ia-norm    0.6999   1.23  -0.0006   0.0406    38.20  0    cut
 451  sn98bu        Ia-norm    0.6999   1.22  -0.0004   0.0415    39.20  0    cut
 452  sn89B         Ia-norm    0.6417   1.22  -0.0068   0.0388    37.30  0    cut
 453  sn94D         Ia-norm    0.7026   1.21   0.0007   0.0402    50.10  0    cut
 454  sn98bu        Ia-norm    0.7013   1.19   0.0000   0.0428    40.10  0    cut
 455  sn92A         Ia-norm    0.5943   1.19   0.1725   0.0479    24.20  0    cut
 456  sn94ae        Ia-norm    0.7053   1.18  -0.0038   0.0427    70.00  0    cut
 457  sn98bu        Ia-norm    0.7013   1.18  -0.0003   0.0435    41.10  0    cut
 458  sn98bu        Ia-norm    0.7013   1.17  -0.0001   0.0439    43.10  0    cut
 459  sn98bu        Ia-norm    0.6986   1.17  -0.0004   0.0448    44.10  0    cut
 460  sn94D         Ia-norm    0.6552   1.17   0.0010   0.0419    53.90  0    cut
 461  sn98bu        Ia-norm    0.7013   1.17   0.0001   0.0445    42.10  0    cut
 462  sn94D         Ia-norm    0.6999   1.16   0.0019   0.0417    59.10  0    cut
 463  sn94D         Ia-norm    0.6972   1.13   0.0008   0.0430    57.10  0    cut
 464  sn95D         Ia-norm    0.7459   1.13   0.0008   0.0466    69.60  0    cut
 465  sn98bu        Ia-norm    0.6999   1.13   0.0004   0.0481    57.10  0    cut
 466  sn02bo        Ia-norm    0.7446   1.08   0.1571   0.0552    40.60  0    cut
 467  sn90N         Ia-norm    0.8597   1.06  -0.0054   0.0404   228.10  0    cut
 468  sn95D         Ia-norm    0.7446   1.06   0.1549   0.0545    42.80  0    cut
 469  sn90N         Ia-norm    0.6485   1.06   0.2499   0.0461   255.90  0    cut
 470  sn90N         Ia-norm    0.6986   1.05   0.1584   0.0489    38.50  0    cut
 471  sn94D         Ia-norm    0.6931   1.00   0.0016   0.0448    55.10  0    cut
 472  sn90N         Ia-norm    0.7866   0.92  -0.0029   0.0541   280.70  0    cut
 473  sn90N         Ia-norm    0.7866   0.92   0.0021   0.0421   332.50  0    cut
 474  sn89B         Ia-norm    0.7094   0.87   0.1491   0.0382    51.00  0    cut
 475  sn94D         Ia-norm    0.6904   0.83   0.1531   0.0455    40.30  0    cut
 476  sn90N         Ia-norm    0.6471   0.79   0.0977   0.0485   245.20  0    cut
 477  sn90N         Ia-norm    0.6363   0.79   0.0966   0.0351   309.80  0    cut
 478  sn94ae        Ia-norm    0.7839   0.64  -0.0000   0.0409   367.70  0    cut
